<?xml version="1.0" encoding="UTF-8"?>
<testng-results skipped="0" failed="0" ignored="0" total="1" passed="1">
  <reporter-output>
  </reporter-output>
  <suite name="Default suite" duration-ms="10660" started-at="2022-04-19T10:23:44 PDT" finished-at="2022-04-19T10:23:55 PDT">
    <groups>
    </groups>
    <test name="Default test" duration-ms="10660" started-at="2022-04-19T10:23:44 PDT" finished-at="2022-04-19T10:23:55 PDT">
      <class name="conceptsF.crmTest">
        <test-method status="PASS" signature="readConfig()[pri:0, instance:conceptsF.crmTest@9a7504c]" name="readConfig" is-config="true" duration-ms="7" started-at="2022-04-19T10:23:44 PDT" finished-at="2022-04-19T10:23:44 PDT">
          <reporter-output>
          </reporter-output>
        </test-method> <!-- readConfig -->
        <test-method status="PASS" signature="init()[pri:0, instance:conceptsF.crmTest@9a7504c]" name="init" is-config="true" duration-ms="2921" started-at="2022-04-19T10:23:44 PDT" finished-at="2022-04-19T10:23:47 PDT">
          <reporter-output>
          </reporter-output>
        </test-method> <!-- init -->
        <test-method status="PASS" signature="addCustomerTest()[pri:2, instance:conceptsF.crmTest@9a7504c]" name="addCustomerTest" duration-ms="6767" started-at="2022-04-19T10:23:47 PDT" finished-at="2022-04-19T10:23:54 PDT">
          <reporter-output>
          </reporter-output>
        </test-method> <!-- addCustomerTest -->
        <test-method status="PASS" signature="tearDown()[pri:0, instance:conceptsF.crmTest@9a7504c]" name="tearDown" is-config="true" duration-ms="928" started-at="2022-04-19T10:23:54 PDT" finished-at="2022-04-19T10:23:55 PDT">
          <reporter-output>
          </reporter-output>
        </test-method> <!-- tearDown -->
      </class> <!-- conceptsF.crmTest -->
    </test> <!-- Default test -->
  </suite> <!-- Default suite -->
</testng-results>
